mode: set
github.com/NibiruChain/nibiru/sai-trading/services/evmtrader/auto_config.go:46.79,48.16 2 1
github.com/NibiruChain/nibiru/sai-trading/services/evmtrader/auto_config.go:48.16,50.3 1 1
github.com/NibiruChain/nibiru/sai-trading/services/evmtrader/auto_config.go:52.2,53.51 2 1
github.com/NibiruChain/nibiru/sai-trading/services/evmtrader/auto_config.go:53.51,55.3 1 1
github.com/NibiruChain/nibiru/sai-trading/services/evmtrader/auto_config.go:58.2,58.39 1 1
github.com/NibiruChain/nibiru/sai-trading/services/evmtrader/auto_config.go:58.39,60.3 1 1
github.com/NibiruChain/nibiru/sai-trading/services/evmtrader/auto_config.go:62.2,62.18 1 1
github.com/NibiruChain/nibiru/sai-trading/services/evmtrader/auto_config.go:66.52,68.57 1 1
github.com/NibiruChain/nibiru/sai-trading/services/evmtrader/auto_config.go:68.57,71.3 1 1
github.com/NibiruChain/nibiru/sai-trading/services/evmtrader/auto_config.go:72.2,72.55 1 1
github.com/NibiruChain/nibiru/sai-trading/services/evmtrader/auto_config.go:72.55,75.3 1 1
github.com/NibiruChain/nibiru/sai-trading/services/evmtrader/auto_config.go:76.2,76.34 1 1
github.com/NibiruChain/nibiru/sai-trading/services/evmtrader/auto_config.go:76.34,78.3 1 1
github.com/NibiruChain/nibiru/sai-trading/services/evmtrader/auto_config.go:79.2,79.35 1 1
github.com/NibiruChain/nibiru/sai-trading/services/evmtrader/auto_config.go:79.35,81.3 1 1
github.com/NibiruChain/nibiru/sai-trading/services/evmtrader/auto_config.go:84.2,84.36 1 1
github.com/NibiruChain/nibiru/sai-trading/services/evmtrader/auto_config.go:84.36,86.3 1 1
github.com/NibiruChain/nibiru/sai-trading/services/evmtrader/auto_config.go:87.2,87.35 1 1
github.com/NibiruChain/nibiru/sai-trading/services/evmtrader/auto_config.go:87.35,89.3 1 1
github.com/NibiruChain/nibiru/sai-trading/services/evmtrader/auto_config.go:90.2,90.35 1 1
github.com/NibiruChain/nibiru/sai-trading/services/evmtrader/auto_config.go:90.35,92.3 1 1
github.com/NibiruChain/nibiru/sai-trading/services/evmtrader/auto_config.go:94.2,94.12 1 1
github.com/NibiruChain/nibiru/sai-trading/services/evmtrader/auto_config.go:98.75,110.2 1 1
github.com/NibiruChain/nibiru/sai-trading/services/evmtrader/auto_trader.go:32.86,46.6 3 0
github.com/NibiruChain/nibiru/sai-trading/services/evmtrader/auto_trader.go:46.6,49.17 2 0
github.com/NibiruChain/nibiru/sai-trading/services/evmtrader/auto_trader.go:49.17,52.12 3 0
github.com/NibiruChain/nibiru/sai-trading/services/evmtrader/auto_trader.go:55.3,59.17 3 0
github.com/NibiruChain/nibiru/sai-trading/services/evmtrader/auto_trader.go:59.17,62.12 3 0
github.com/NibiruChain/nibiru/sai-trading/services/evmtrader/auto_trader.go:66.3,67.32 2 0
github.com/NibiruChain/nibiru/sai-trading/services/evmtrader/auto_trader.go:67.32,68.20 1 0
github.com/NibiruChain/nibiru/sai-trading/services/evmtrader/auto_trader.go:68.20,70.5 1 0
github.com/NibiruChain/nibiru/sai-trading/services/evmtrader/auto_trader.go:73.3,78.39 3 0
github.com/NibiruChain/nibiru/sai-trading/services/evmtrader/auto_trader.go:78.39,80.18 2 0
github.com/NibiruChain/nibiru/sai-trading/services/evmtrader/auto_trader.go:80.18,89.13 3 0
github.com/NibiruChain/nibiru/sai-trading/services/evmtrader/auto_trader.go:93.4,94.48 2 0
github.com/NibiruChain/nibiru/sai-trading/services/evmtrader/auto_trader.go:94.48,96.18 1 0
github.com/NibiruChain/nibiru/sai-trading/services/evmtrader/auto_trader.go:96.18,97.14 1 0
github.com/NibiruChain/nibiru/sai-trading/services/evmtrader/auto_trader.go:100.5,106.67 2 0
github.com/NibiruChain/nibiru/sai-trading/services/evmtrader/auto_trader.go:106.67,108.6 1 0
github.com/NibiruChain/nibiru/sai-trading/services/evmtrader/auto_trader.go:108.11,113.6 2 0
github.com/NibiruChain/nibiru/sai-trading/services/evmtrader/auto_trader.go:116.5,117.10 2 0
github.com/NibiruChain/nibiru/sai-trading/services/evmtrader/auto_trader.go:123.3,123.62 1 0
github.com/NibiruChain/nibiru/sai-trading/services/evmtrader/auto_trader.go:123.62,135.23 8 0
github.com/NibiruChain/nibiru/sai-trading/services/evmtrader/auto_trader.go:135.23,137.5 1 0
github.com/NibiruChain/nibiru/sai-trading/services/evmtrader/auto_trader.go:137.10,139.19 2 0
github.com/NibiruChain/nibiru/sai-trading/services/evmtrader/auto_trader.go:139.19,142.14 3 0
github.com/NibiruChain/nibiru/sai-trading/services/evmtrader/auto_trader.go:145.5,146.41 2 0
github.com/NibiruChain/nibiru/sai-trading/services/evmtrader/auto_trader.go:146.41,152.14 3 0
github.com/NibiruChain/nibiru/sai-trading/services/evmtrader/auto_trader.go:157.4,158.28 2 0
github.com/NibiruChain/nibiru/sai-trading/services/evmtrader/auto_trader.go:158.28,160.19 2 0
github.com/NibiruChain/nibiru/sai-trading/services/evmtrader/auto_trader.go:160.19,163.14 3 0
github.com/NibiruChain/nibiru/sai-trading/services/evmtrader/auto_trader.go:165.5,165.33 1 0
github.com/NibiruChain/nibiru/sai-trading/services/evmtrader/auto_trader.go:165.33,168.14 3 0
github.com/NibiruChain/nibiru/sai-trading/services/evmtrader/auto_trader.go:170.5,170.41 1 0
github.com/NibiruChain/nibiru/sai-trading/services/evmtrader/auto_trader.go:174.4,175.18 2 0
github.com/NibiruChain/nibiru/sai-trading/services/evmtrader/auto_trader.go:175.18,178.13 3 0
github.com/NibiruChain/nibiru/sai-trading/services/evmtrader/auto_trader.go:182.4,183.18 2 0
github.com/NibiruChain/nibiru/sai-trading/services/evmtrader/auto_trader.go:183.18,186.13 3 0
github.com/NibiruChain/nibiru/sai-trading/services/evmtrader/auto_trader.go:190.4,191.36 2 0
github.com/NibiruChain/nibiru/sai-trading/services/evmtrader/auto_trader.go:191.36,194.5 1 0
github.com/NibiruChain/nibiru/sai-trading/services/evmtrader/auto_trader.go:194.10,197.15 2 0
github.com/NibiruChain/nibiru/sai-trading/services/evmtrader/auto_trader.go:197.15,200.37 1 0
github.com/NibiruChain/nibiru/sai-trading/services/evmtrader/auto_trader.go:200.37,203.7 2 0
github.com/NibiruChain/nibiru/sai-trading/services/evmtrader/auto_trader.go:203.12,206.7 2 0
github.com/NibiruChain/nibiru/sai-trading/services/evmtrader/auto_trader.go:207.11,210.37 1 0
github.com/NibiruChain/nibiru/sai-trading/services/evmtrader/auto_trader.go:210.37,213.7 2 0
github.com/NibiruChain/nibiru/sai-trading/services/evmtrader/auto_trader.go:213.12,216.7 2 0
github.com/NibiruChain/nibiru/sai-trading/services/evmtrader/auto_trader.go:220.4,243.60 3 0
github.com/NibiruChain/nibiru/sai-trading/services/evmtrader/auto_trader.go:243.60,253.55 2 0
github.com/NibiruChain/nibiru/sai-trading/services/evmtrader/auto_trader.go:253.55,259.6 2 0
github.com/NibiruChain/nibiru/sai-trading/services/evmtrader/auto_trader.go:260.10,263.19 2 0
github.com/NibiruChain/nibiru/sai-trading/services/evmtrader/auto_trader.go:263.19,265.6 1 0
github.com/NibiruChain/nibiru/sai-trading/services/evmtrader/auto_trader.go:265.11,267.38 1 0
github.com/NibiruChain/nibiru/sai-trading/services/evmtrader/auto_trader.go:267.38,268.72 1 0
github.com/NibiruChain/nibiru/sai-trading/services/evmtrader/auto_trader.go:268.72,278.13 3 0
github.com/NibiruChain/nibiru/sai-trading/services/evmtrader/auto_trader.go:283.5,283.32 1 0
github.com/NibiruChain/nibiru/sai-trading/services/evmtrader/auto_trader.go:285.9,287.4 1 0
github.com/NibiruChain/nibiru/sai-trading/services/evmtrader/auto_trader.go:290.3,290.64 1 0
github.com/NibiruChain/nibiru/sai-trading/services/evmtrader/auto_trader.go:295.43,296.16 1 1
github.com/NibiruChain/nibiru/sai-trading/services/evmtrader/auto_trader.go:296.16,298.3 1 1
github.com/NibiruChain/nibiru/sai-trading/services/evmtrader/auto_trader.go:299.2,301.16 3 1
github.com/NibiruChain/nibiru/sai-trading/services/evmtrader/auto_trader.go:301.16,304.3 1 0
github.com/NibiruChain/nibiru/sai-trading/services/evmtrader/auto_trader.go:305.2,305.25 1 1
github.com/NibiruChain/nibiru/sai-trading/services/evmtrader/auto_trader.go:309.24,311.43 2 1
github.com/NibiruChain/nibiru/sai-trading/services/evmtrader/auto_trader.go:311.43,313.3 1 0
github.com/NibiruChain/nibiru/sai-trading/services/evmtrader/auto_trader.go:314.2,314.20 1 1
github.com/NibiruChain/nibiru/sai-trading/services/evmtrader/auto_trader.go:318.31,321.11 2 1
github.com/NibiruChain/nibiru/sai-trading/services/evmtrader/auto_trader.go:322.12,323.25 1 1
github.com/NibiruChain/nibiru/sai-trading/services/evmtrader/auto_trader.go:324.9,325.24 1 1
github.com/NibiruChain/nibiru/sai-trading/services/evmtrader/auto_trader.go:326.10,327.23 1 1
github.com/NibiruChain/nibiru/sai-trading/services/evmtrader/auto_trader.go:332.46,333.16 1 1
github.com/NibiruChain/nibiru/sai-trading/services/evmtrader/auto_trader.go:333.16,335.3 1 1
github.com/NibiruChain/nibiru/sai-trading/services/evmtrader/auto_trader.go:336.2,339.43 3 1
github.com/NibiruChain/nibiru/sai-trading/services/evmtrader/auto_trader.go:339.43,341.3 1 0
github.com/NibiruChain/nibiru/sai-trading/services/evmtrader/auto_trader.go:343.2,345.29 3 1
github.com/NibiruChain/nibiru/sai-trading/services/evmtrader/config.go:101.71,103.16 2 0
github.com/NibiruChain/nibiru/sai-trading/services/evmtrader/config.go:103.16,105.3 1 0
github.com/NibiruChain/nibiru/sai-trading/services/evmtrader/config.go:106.2,108.29 3 0
github.com/NibiruChain/nibiru/sai-trading/services/evmtrader/config.go:108.29,110.49 2 0
github.com/NibiruChain/nibiru/sai-trading/services/evmtrader/config.go:110.49,111.12 1 0
github.com/NibiruChain/nibiru/sai-trading/services/evmtrader/config.go:113.3,114.19 2 0
github.com/NibiruChain/nibiru/sai-trading/services/evmtrader/config.go:114.19,115.12 1 0
github.com/NibiruChain/nibiru/sai-trading/services/evmtrader/config.go:117.3,119.14 3 0
github.com/NibiruChain/nibiru/sai-trading/services/evmtrader/config.go:120.25,121.29 1 0
github.com/NibiruChain/nibiru/sai-trading/services/evmtrader/config.go:122.23,123.27 1 0
github.com/NibiruChain/nibiru/sai-trading/services/evmtrader/config.go:124.24,125.28 1 0
github.com/NibiruChain/nibiru/sai-trading/services/evmtrader/config.go:126.23,127.32 1 0
github.com/NibiruChain/nibiru/sai-trading/services/evmtrader/config.go:128.17,129.27 1 0
github.com/NibiruChain/nibiru/sai-trading/services/evmtrader/config.go:132.2,132.19 1 0
github.com/NibiruChain/nibiru/sai-trading/services/evmtrader/config.go:136.64,138.16 2 1
github.com/NibiruChain/nibiru/sai-trading/services/evmtrader/config.go:138.16,140.3 1 1
github.com/NibiruChain/nibiru/sai-trading/services/evmtrader/config.go:142.2,143.54 2 1
github.com/NibiruChain/nibiru/sai-trading/services/evmtrader/config.go:143.54,145.3 1 1
github.com/NibiruChain/nibiru/sai-trading/services/evmtrader/config.go:147.2,147.20 1 1
github.com/NibiruChain/nibiru/sai-trading/services/evmtrader/config.go:151.85,152.21 1 1
github.com/NibiruChain/nibiru/sai-trading/services/evmtrader/config.go:153.18,154.31 1 1
github.com/NibiruChain/nibiru/sai-trading/services/evmtrader/config.go:155.17,156.30 1 1
github.com/NibiruChain/nibiru/sai-trading/services/evmtrader/config.go:157.17,158.30 1 1
github.com/NibiruChain/nibiru/sai-trading/services/evmtrader/config.go:159.10,160.66 1 1
github.com/NibiruChain/nibiru/sai-trading/services/evmtrader/config.go:165.79,173.2 1 1
github.com/NibiruChain/nibiru/sai-trading/services/evmtrader/config.go:176.40,177.73 1 0
github.com/NibiruChain/nibiru/sai-trading/services/evmtrader/config.go:177.73,178.65 1 0
github.com/NibiruChain/nibiru/sai-trading/services/evmtrader/config.go:178.65,180.4 1 0
github.com/NibiruChain/nibiru/sai-trading/services/evmtrader/config.go:185.37,186.23 1 0
github.com/NibiruChain/nibiru/sai-trading/services/evmtrader/config.go:186.23,188.3 1 0
github.com/NibiruChain/nibiru/sai-trading/services/evmtrader/config.go:189.2,189.23 1 0
github.com/NibiruChain/nibiru/sai-trading/services/evmtrader/config.go:189.23,191.3 1 0
github.com/NibiruChain/nibiru/sai-trading/services/evmtrader/config.go:192.2,192.32 1 0
github.com/NibiruChain/nibiru/sai-trading/services/evmtrader/config.go:192.32,195.66 2 0
github.com/NibiruChain/nibiru/sai-trading/services/evmtrader/config.go:195.66,197.4 1 0
github.com/NibiruChain/nibiru/sai-trading/services/evmtrader/erc20.go:9.28,11.2 1 0
github.com/NibiruChain/nibiru/sai-trading/services/evmtrader/erc20.go:14.37,16.2 1 0
github.com/NibiruChain/nibiru/sai-trading/services/evmtrader/event_parser.go:14.71,23.38 3 1
github.com/NibiruChain/nibiru/sai-trading/services/evmtrader/event_parser.go:23.38,32.20 3 1
github.com/NibiruChain/nibiru/sai-trading/services/evmtrader/event_parser.go:32.20,33.12 1 1
github.com/NibiruChain/nibiru/sai-trading/services/evmtrader/event_parser.go:37.3,37.41 1 1
github.com/NibiruChain/nibiru/sai-trading/services/evmtrader/event_parser.go:37.41,40.33 1 1
github.com/NibiruChain/nibiru/sai-trading/services/evmtrader/event_parser.go:40.33,41.68 1 1
github.com/NibiruChain/nibiru/sai-trading/services/evmtrader/event_parser.go:41.68,43.6 1 1
github.com/NibiruChain/nibiru/sai-trading/services/evmtrader/event_parser.go:47.4,47.27 1 1
github.com/NibiruChain/nibiru/sai-trading/services/evmtrader/event_parser.go:47.27,49.70 2 1
github.com/NibiruChain/nibiru/sai-trading/services/evmtrader/event_parser.go:49.70,50.36 1 1
github.com/NibiruChain/nibiru/sai-trading/services/evmtrader/event_parser.go:50.36,51.80 1 1
github.com/NibiruChain/nibiru/sai-trading/services/evmtrader/event_parser.go:51.80,53.8 1 1
github.com/NibiruChain/nibiru/sai-trading/services/evmtrader/event_parser.go:59.4,59.40 1 1
github.com/NibiruChain/nibiru/sai-trading/services/evmtrader/event_parser.go:59.40,61.68 2 1
github.com/NibiruChain/nibiru/sai-trading/services/evmtrader/event_parser.go:61.68,62.34 1 1
github.com/NibiruChain/nibiru/sai-trading/services/evmtrader/event_parser.go:62.34,63.78 1 1
github.com/NibiruChain/nibiru/sai-trading/services/evmtrader/event_parser.go:63.78,65.8 1 1
github.com/NibiruChain/nibiru/sai-trading/services/evmtrader/event_parser.go:74.2,74.23 1 1
github.com/NibiruChain/nibiru/sai-trading/services/evmtrader/event_parser.go:74.23,76.67 1 1
github.com/NibiruChain/nibiru/sai-trading/services/evmtrader/event_parser.go:76.67,78.4 1 1
github.com/NibiruChain/nibiru/sai-trading/services/evmtrader/event_parser.go:81.3,81.79 1 1
github.com/NibiruChain/nibiru/sai-trading/services/evmtrader/event_parser.go:81.79,83.57 2 0
github.com/NibiruChain/nibiru/sai-trading/services/evmtrader/event_parser.go:83.57,84.58 1 0
github.com/NibiruChain/nibiru/sai-trading/services/evmtrader/event_parser.go:84.58,86.6 1 0
github.com/NibiruChain/nibiru/sai-trading/services/evmtrader/event_parser.go:89.4,90.60 2 0
github.com/NibiruChain/nibiru/sai-trading/services/evmtrader/event_parser.go:90.60,91.65 1 0
github.com/NibiruChain/nibiru/sai-trading/services/evmtrader/event_parser.go:91.65,93.6 1 0
github.com/NibiruChain/nibiru/sai-trading/services/evmtrader/event_parser.go:98.2,98.125 1 1
github.com/NibiruChain/nibiru/sai-trading/services/evmtrader/event_parser.go:102.62,106.46 3 1
github.com/NibiruChain/nibiru/sai-trading/services/evmtrader/event_parser.go:106.46,108.3 1 1
github.com/NibiruChain/nibiru/sai-trading/services/evmtrader/event_parser.go:110.2,111.29 2 1
github.com/NibiruChain/nibiru/sai-trading/services/evmtrader/evm_trader.go:42.63,47.25 3 0
github.com/NibiruChain/nibiru/sai-trading/services/evmtrader/evm_trader.go:47.25,49.3 1 0
github.com/NibiruChain/nibiru/sai-trading/services/evmtrader/evm_trader.go:50.2,50.29 1 0
github.com/NibiruChain/nibiru/sai-trading/services/evmtrader/evm_trader.go:50.29,52.3 1 0
github.com/NibiruChain/nibiru/sai-trading/services/evmtrader/evm_trader.go:55.2,56.16 2 0
github.com/NibiruChain/nibiru/sai-trading/services/evmtrader/evm_trader.go:56.16,58.3 1 0
github.com/NibiruChain/nibiru/sai-trading/services/evmtrader/evm_trader.go:61.2,62.16 2 0
github.com/NibiruChain/nibiru/sai-trading/services/evmtrader/evm_trader.go:62.16,64.3 1 0
github.com/NibiruChain/nibiru/sai-trading/services/evmtrader/evm_trader.go:65.2,75.139 4 0
github.com/NibiruChain/nibiru/sai-trading/services/evmtrader/evm_trader.go:75.139,77.3 1 0
github.com/NibiruChain/nibiru/sai-trading/services/evmtrader/evm_trader.go:77.8,79.3 1 0
github.com/NibiruChain/nibiru/sai-trading/services/evmtrader/evm_trader.go:80.2,83.16 2 0
github.com/NibiruChain/nibiru/sai-trading/services/evmtrader/evm_trader.go:83.16,85.3 1 0
github.com/NibiruChain/nibiru/sai-trading/services/evmtrader/evm_trader.go:88.2,93.34 4 0
github.com/NibiruChain/nibiru/sai-trading/services/evmtrader/evm_trader.go:93.34,95.3 1 0
github.com/NibiruChain/nibiru/sai-trading/services/evmtrader/evm_trader.go:95.8,98.17 3 0
github.com/NibiruChain/nibiru/sai-trading/services/evmtrader/evm_trader.go:98.17,100.4 1 0
github.com/NibiruChain/nibiru/sai-trading/services/evmtrader/evm_trader.go:102.2,114.20 2 0
github.com/NibiruChain/nibiru/sai-trading/services/evmtrader/evm_trader.go:118.29,119.21 1 0
github.com/NibiruChain/nibiru/sai-trading/services/evmtrader/evm_trader.go:119.21,121.3 1 0
github.com/NibiruChain/nibiru/sai-trading/services/evmtrader/evm_trader.go:123.2,123.23 1 0
github.com/NibiruChain/nibiru/sai-trading/services/evmtrader/evm_trader.go:123.23,124.44 1 0
github.com/NibiruChain/nibiru/sai-trading/services/evmtrader/evm_trader.go:124.44,126.4 1 0
github.com/NibiruChain/nibiru/sai-trading/services/evmtrader/evm_trader.go:131.68,133.16 2 0
github.com/NibiruChain/nibiru/sai-trading/services/evmtrader/evm_trader.go:133.16,135.3 1 0
github.com/NibiruChain/nibiru/sai-trading/services/evmtrader/evm_trader.go:138.2,141.16 4 0
github.com/NibiruChain/nibiru/sai-trading/services/evmtrader/evm_trader.go:141.16,143.3 1 0
github.com/NibiruChain/nibiru/sai-trading/services/evmtrader/evm_trader.go:146.2,147.16 2 0
github.com/NibiruChain/nibiru/sai-trading/services/evmtrader/evm_trader.go:147.16,149.3 1 0
github.com/NibiruChain/nibiru/sai-trading/services/evmtrader/evm_trader.go:150.2,150.19 1 0
github.com/NibiruChain/nibiru/sai-trading/services/evmtrader/evm_trader.go:150.19,152.3 1 0
github.com/NibiruChain/nibiru/sai-trading/services/evmtrader/evm_trader.go:155.2,155.42 1 0
github.com/NibiruChain/nibiru/sai-trading/services/evmtrader/evm_trader.go:159.101,162.16 2 0
github.com/NibiruChain/nibiru/sai-trading/services/evmtrader/evm_trader.go:162.16,164.3 1 0
github.com/NibiruChain/nibiru/sai-trading/services/evmtrader/evm_trader.go:165.2,165.19 1 0
github.com/NibiruChain/nibiru/sai-trading/services/evmtrader/evm_trader.go:165.19,167.3 1 0
github.com/NibiruChain/nibiru/sai-trading/services/evmtrader/evm_trader.go:170.2,171.16 2 0
github.com/NibiruChain/nibiru/sai-trading/services/evmtrader/evm_trader.go:171.16,173.3 1 0
github.com/NibiruChain/nibiru/sai-trading/services/evmtrader/evm_trader.go:176.2,177.16 2 0
github.com/NibiruChain/nibiru/sai-trading/services/evmtrader/evm_trader.go:177.16,179.3 1 0
github.com/NibiruChain/nibiru/sai-trading/services/evmtrader/evm_trader.go:182.2,184.16 3 0
github.com/NibiruChain/nibiru/sai-trading/services/evmtrader/evm_trader.go:184.16,187.3 2 0
github.com/NibiruChain/nibiru/sai-trading/services/evmtrader/evm_trader.go:189.2,190.18 2 0
github.com/NibiruChain/nibiru/sai-trading/services/evmtrader/evm_trader.go:190.18,192.3 1 0
github.com/NibiruChain/nibiru/sai-trading/services/evmtrader/evm_trader.go:194.2,201.12 2 0
github.com/NibiruChain/nibiru/sai-trading/services/evmtrader/evm_trader.go:205.78,207.16 2 0
github.com/NibiruChain/nibiru/sai-trading/services/evmtrader/evm_trader.go:207.16,209.3 1 0
github.com/NibiruChain/nibiru/sai-trading/services/evmtrader/evm_trader.go:212.2,213.16 2 0
github.com/NibiruChain/nibiru/sai-trading/services/evmtrader/evm_trader.go:213.16,215.3 1 0
github.com/NibiruChain/nibiru/sai-trading/services/evmtrader/evm_trader.go:218.2,219.16 2 0
github.com/NibiruChain/nibiru/sai-trading/services/evmtrader/evm_trader.go:219.16,221.3 1 0
github.com/NibiruChain/nibiru/sai-trading/services/evmtrader/evm_trader.go:223.2,229.12 2 0
github.com/NibiruChain/nibiru/sai-trading/services/evmtrader/evm_trader.go:233.48,235.36 2 0
github.com/NibiruChain/nibiru/sai-trading/services/evmtrader/evm_trader.go:235.36,238.3 2 0
github.com/NibiruChain/nibiru/sai-trading/services/evmtrader/evm_trader.go:239.2,241.47 3 0
github.com/NibiruChain/nibiru/sai-trading/services/evmtrader/evm_trader.go:245.53,249.30 2 0
github.com/NibiruChain/nibiru/sai-trading/services/evmtrader/evm_trader.go:249.30,251.3 1 0
github.com/NibiruChain/nibiru/sai-trading/services/evmtrader/evm_trader.go:254.2,255.36 2 0
github.com/NibiruChain/nibiru/sai-trading/services/evmtrader/evm_trader.go:255.36,258.3 2 0
github.com/NibiruChain/nibiru/sai-trading/services/evmtrader/evm_trader.go:261.2,261.36 1 0
github.com/NibiruChain/nibiru/sai-trading/services/evmtrader/evm_trader.go:261.36,263.47 1 0
github.com/NibiruChain/nibiru/sai-trading/services/evmtrader/evm_trader.go:263.47,264.60 1 0
github.com/NibiruChain/nibiru/sai-trading/services/evmtrader/evm_trader.go:264.60,266.73 1 0
github.com/NibiruChain/nibiru/sai-trading/services/evmtrader/evm_trader.go:266.73,268.6 1 0
github.com/NibiruChain/nibiru/sai-trading/services/evmtrader/evm_trader.go:270.5,270.35 1 0
github.com/NibiruChain/nibiru/sai-trading/services/evmtrader/evm_trader.go:270.35,272.75 2 0
github.com/NibiruChain/nibiru/sai-trading/services/evmtrader/evm_trader.go:272.75,274.7 1 0
github.com/NibiruChain/nibiru/sai-trading/services/evmtrader/evm_trader.go:280.3,280.47 1 0
github.com/NibiruChain/nibiru/sai-trading/services/evmtrader/evm_trader.go:280.47,284.60 2 0
github.com/NibiruChain/nibiru/sai-trading/services/evmtrader/evm_trader.go:284.60,285.73 1 0
github.com/NibiruChain/nibiru/sai-trading/services/evmtrader/evm_trader.go:285.73,287.11 2 0
github.com/NibiruChain/nibiru/sai-trading/services/evmtrader/evm_trader.go:292.4,292.16 1 0
github.com/NibiruChain/nibiru/sai-trading/services/evmtrader/evm_trader.go:292.16,293.35 1 0
github.com/NibiruChain/nibiru/sai-trading/services/evmtrader/evm_trader.go:293.35,295.62 2 0
github.com/NibiruChain/nibiru/sai-trading/services/evmtrader/evm_trader.go:295.62,296.76 1 0
github.com/NibiruChain/nibiru/sai-trading/services/evmtrader/evm_trader.go:296.76,298.13 2 0
github.com/NibiruChain/nibiru/sai-trading/services/evmtrader/evm_trader.go:301.6,301.17 1 0
github.com/NibiruChain/nibiru/sai-trading/services/evmtrader/evm_trader.go:301.17,302.12 1 0
github.com/NibiruChain/nibiru/sai-trading/services/evmtrader/evm_trader.go:308.4,308.16 1 0
github.com/NibiruChain/nibiru/sai-trading/services/evmtrader/evm_trader.go:308.16,310.5 1 0
github.com/NibiruChain/nibiru/sai-trading/services/evmtrader/evm_trader.go:315.2,333.56 2 0
github.com/NibiruChain/nibiru/sai-trading/services/evmtrader/evm_trader.go:337.71,339.27 2 0
github.com/NibiruChain/nibiru/sai-trading/services/evmtrader/evm_trader.go:339.27,344.29 2 0
github.com/NibiruChain/nibiru/sai-trading/services/evmtrader/evm_trader.go:344.29,345.9 1 0
github.com/NibiruChain/nibiru/sai-trading/services/evmtrader/evm_trader.go:348.2,348.20 1 0
github.com/NibiruChain/nibiru/sai-trading/services/evmtrader/evm_trader.go:352.79,354.16 2 0
github.com/NibiruChain/nibiru/sai-trading/services/evmtrader/evm_trader.go:354.16,356.3 1 0
github.com/NibiruChain/nibiru/sai-trading/services/evmtrader/evm_trader.go:358.2,359.16 2 0
github.com/NibiruChain/nibiru/sai-trading/services/evmtrader/evm_trader.go:359.16,361.3 1 0
github.com/NibiruChain/nibiru/sai-trading/services/evmtrader/evm_trader.go:363.2,367.16 4 0
github.com/NibiruChain/nibiru/sai-trading/services/evmtrader/evm_trader.go:367.16,369.3 1 0
github.com/NibiruChain/nibiru/sai-trading/services/evmtrader/evm_trader.go:370.2,370.25 1 0
github.com/NibiruChain/nibiru/sai-trading/services/evmtrader/evm_trader.go:374.40,376.2 1 0
github.com/NibiruChain/nibiru/sai-trading/services/evmtrader/querier.go:19.130,22.16 2 0
github.com/NibiruChain/nibiru/sai-trading/services/evmtrader/querier.go:22.16,24.3 1 0
github.com/NibiruChain/nibiru/sai-trading/services/evmtrader/querier.go:27.2,32.16 4 0
github.com/NibiruChain/nibiru/sai-trading/services/evmtrader/querier.go:32.16,34.3 1 0
github.com/NibiruChain/nibiru/sai-trading/services/evmtrader/querier.go:37.2,45.16 3 0
github.com/NibiruChain/nibiru/sai-trading/services/evmtrader/querier.go:45.16,47.3 1 0
github.com/NibiruChain/nibiru/sai-trading/services/evmtrader/querier.go:50.2,51.16 2 0
github.com/NibiruChain/nibiru/sai-trading/services/evmtrader/querier.go:51.16,53.3 1 0
github.com/NibiruChain/nibiru/sai-trading/services/evmtrader/querier.go:54.2,54.24 1 0
github.com/NibiruChain/nibiru/sai-trading/services/evmtrader/querier.go:54.24,56.3 1 0
github.com/NibiruChain/nibiru/sai-trading/services/evmtrader/querier.go:59.2,60.9 2 0
github.com/NibiruChain/nibiru/sai-trading/services/evmtrader/querier.go:60.9,62.3 1 0
github.com/NibiruChain/nibiru/sai-trading/services/evmtrader/querier.go:64.2,64.27 1 0
github.com/NibiruChain/nibiru/sai-trading/services/evmtrader/querier.go:68.73,71.16 2 0
github.com/NibiruChain/nibiru/sai-trading/services/evmtrader/querier.go:71.16,73.3 1 0
github.com/NibiruChain/nibiru/sai-trading/services/evmtrader/querier.go:76.2,77.31 2 0
github.com/NibiruChain/nibiru/sai-trading/services/evmtrader/querier.go:77.31,78.19 1 0
github.com/NibiruChain/nibiru/sai-trading/services/evmtrader/querier.go:78.19,80.4 1 0
github.com/NibiruChain/nibiru/sai-trading/services/evmtrader/querier.go:83.2,83.29 1 0
github.com/NibiruChain/nibiru/sai-trading/services/evmtrader/querier.go:83.29,86.3 2 0
github.com/NibiruChain/nibiru/sai-trading/services/evmtrader/querier.go:88.2,90.38 3 0
github.com/NibiruChain/nibiru/sai-trading/services/evmtrader/querier.go:90.38,98.40 8 0
github.com/NibiruChain/nibiru/sai-trading/services/evmtrader/querier.go:98.40,100.4 1 0
github.com/NibiruChain/nibiru/sai-trading/services/evmtrader/querier.go:101.3,101.64 1 0
github.com/NibiruChain/nibiru/sai-trading/services/evmtrader/querier.go:101.64,103.4 1 0
github.com/NibiruChain/nibiru/sai-trading/services/evmtrader/querier.go:104.3,104.16 1 0
github.com/NibiruChain/nibiru/sai-trading/services/evmtrader/querier.go:107.2,107.12 1 0
github.com/NibiruChain/nibiru/sai-trading/services/evmtrader/querier.go:111.77,119.16 3 0
github.com/NibiruChain/nibiru/sai-trading/services/evmtrader/querier.go:119.16,121.3 1 0
github.com/NibiruChain/nibiru/sai-trading/services/evmtrader/querier.go:124.2,125.70 2 0
github.com/NibiruChain/nibiru/sai-trading/services/evmtrader/querier.go:125.70,130.67 2 0
github.com/NibiruChain/nibiru/sai-trading/services/evmtrader/querier.go:130.67,132.4 1 0
github.com/NibiruChain/nibiru/sai-trading/services/evmtrader/querier.go:133.3,133.31 1 0
github.com/NibiruChain/nibiru/sai-trading/services/evmtrader/querier.go:137.2,138.47 2 0
github.com/NibiruChain/nibiru/sai-trading/services/evmtrader/querier.go:138.47,141.88 2 0
github.com/NibiruChain/nibiru/sai-trading/services/evmtrader/querier.go:141.88,143.76 1 0
github.com/NibiruChain/nibiru/sai-trading/services/evmtrader/querier.go:143.76,144.13 1 0
github.com/NibiruChain/nibiru/sai-trading/services/evmtrader/querier.go:149.3,150.17 2 0
github.com/NibiruChain/nibiru/sai-trading/services/evmtrader/querier.go:150.17,155.12 3 0
github.com/NibiruChain/nibiru/sai-trading/services/evmtrader/querier.go:157.3,157.37 1 0
github.com/NibiruChain/nibiru/sai-trading/services/evmtrader/querier.go:160.2,160.21 1 0
github.com/NibiruChain/nibiru/sai-trading/services/evmtrader/querier.go:164.77,176.16 4 0
github.com/NibiruChain/nibiru/sai-trading/services/evmtrader/querier.go:176.16,178.3 1 0
github.com/NibiruChain/nibiru/sai-trading/services/evmtrader/querier.go:181.2,182.66 2 0
github.com/NibiruChain/nibiru/sai-trading/services/evmtrader/querier.go:182.66,184.3 1 0
github.com/NibiruChain/nibiru/sai-trading/services/evmtrader/querier.go:187.2,188.32 2 0
github.com/NibiruChain/nibiru/sai-trading/services/evmtrader/querier.go:188.32,205.87 3 0
github.com/NibiruChain/nibiru/sai-trading/services/evmtrader/querier.go:205.87,207.4 1 0
github.com/NibiruChain/nibiru/sai-trading/services/evmtrader/querier.go:208.3,212.92 3 0
github.com/NibiruChain/nibiru/sai-trading/services/evmtrader/querier.go:212.92,214.4 1 0
github.com/NibiruChain/nibiru/sai-trading/services/evmtrader/querier.go:215.3,219.94 3 0
github.com/NibiruChain/nibiru/sai-trading/services/evmtrader/querier.go:219.94,221.4 1 0
github.com/NibiruChain/nibiru/sai-trading/services/evmtrader/querier.go:222.3,224.46 2 0
github.com/NibiruChain/nibiru/sai-trading/services/evmtrader/querier.go:227.2,227.26 1 0
github.com/NibiruChain/nibiru/sai-trading/services/evmtrader/querier.go:231.95,240.16 3 0
github.com/NibiruChain/nibiru/sai-trading/services/evmtrader/querier.go:240.16,242.3 1 0
github.com/NibiruChain/nibiru/sai-trading/services/evmtrader/querier.go:245.2,246.67 2 0
github.com/NibiruChain/nibiru/sai-trading/services/evmtrader/querier.go:246.67,248.3 1 0
github.com/NibiruChain/nibiru/sai-trading/services/evmtrader/querier.go:250.2,255.74 3 0
github.com/NibiruChain/nibiru/sai-trading/services/evmtrader/querier.go:255.74,257.3 1 0
github.com/NibiruChain/nibiru/sai-trading/services/evmtrader/querier.go:257.8,260.3 1 0
github.com/NibiruChain/nibiru/sai-trading/services/evmtrader/querier.go:263.2,264.9 2 0
github.com/NibiruChain/nibiru/sai-trading/services/evmtrader/querier.go:264.9,266.3 1 0
github.com/NibiruChain/nibiru/sai-trading/services/evmtrader/querier.go:267.2,268.72 2 0
github.com/NibiruChain/nibiru/sai-trading/services/evmtrader/querier.go:268.72,270.3 1 0
github.com/NibiruChain/nibiru/sai-trading/services/evmtrader/querier.go:271.2,275.9 3 0
github.com/NibiruChain/nibiru/sai-trading/services/evmtrader/querier.go:275.9,277.3 1 0
github.com/NibiruChain/nibiru/sai-trading/services/evmtrader/querier.go:278.2,279.74 2 0
github.com/NibiruChain/nibiru/sai-trading/services/evmtrader/querier.go:279.74,281.3 1 0
github.com/NibiruChain/nibiru/sai-trading/services/evmtrader/querier.go:282.2,285.52 2 0
github.com/NibiruChain/nibiru/sai-trading/services/evmtrader/querier.go:285.52,287.3 1 0
github.com/NibiruChain/nibiru/sai-trading/services/evmtrader/querier.go:290.2,290.65 1 0
github.com/NibiruChain/nibiru/sai-trading/services/evmtrader/querier.go:290.65,292.3 1 0
github.com/NibiruChain/nibiru/sai-trading/services/evmtrader/querier.go:294.2,294.21 1 0
github.com/NibiruChain/nibiru/sai-trading/services/evmtrader/querier.go:298.95,309.16 4 0
github.com/NibiruChain/nibiru/sai-trading/services/evmtrader/querier.go:309.16,311.3 1 0
github.com/NibiruChain/nibiru/sai-trading/services/evmtrader/querier.go:316.2,319.70 2 0
github.com/NibiruChain/nibiru/sai-trading/services/evmtrader/querier.go:319.70,321.3 1 0
github.com/NibiruChain/nibiru/sai-trading/services/evmtrader/querier.go:323.2,323.31 1 0
github.com/NibiruChain/nibiru/sai-trading/services/evmtrader/querier.go:323.31,325.3 1 0
github.com/NibiruChain/nibiru/sai-trading/services/evmtrader/querier.go:327.2,328.16 2 0
github.com/NibiruChain/nibiru/sai-trading/services/evmtrader/querier.go:328.16,330.3 1 0
github.com/NibiruChain/nibiru/sai-trading/services/evmtrader/querier.go:332.2,332.19 1 0
github.com/NibiruChain/nibiru/sai-trading/services/evmtrader/querier.go:337.107,349.16 4 0
github.com/NibiruChain/nibiru/sai-trading/services/evmtrader/querier.go:349.16,351.3 1 0
github.com/NibiruChain/nibiru/sai-trading/services/evmtrader/querier.go:355.2,358.73 2 0
github.com/NibiruChain/nibiru/sai-trading/services/evmtrader/querier.go:358.73,360.3 1 0
github.com/NibiruChain/nibiru/sai-trading/services/evmtrader/querier.go:362.2,362.41 1 0
github.com/NibiruChain/nibiru/sai-trading/services/evmtrader/querier.go:362.41,364.3 1 0
github.com/NibiruChain/nibiru/sai-trading/services/evmtrader/querier.go:366.2,367.16 2 0
github.com/NibiruChain/nibiru/sai-trading/services/evmtrader/querier.go:367.16,369.3 1 0
github.com/NibiruChain/nibiru/sai-trading/services/evmtrader/querier.go:371.2,371.18 1 0
github.com/NibiruChain/nibiru/sai-trading/services/evmtrader/querier.go:375.142,377.16 2 0
github.com/NibiruChain/nibiru/sai-trading/services/evmtrader/querier.go:377.16,379.3 1 0
github.com/NibiruChain/nibiru/sai-trading/services/evmtrader/querier.go:380.2,386.16 3 0
github.com/NibiruChain/nibiru/sai-trading/services/evmtrader/querier.go:386.16,388.3 1 0
github.com/NibiruChain/nibiru/sai-trading/services/evmtrader/querier.go:389.2,389.40 1 0
github.com/NibiruChain/nibiru/sai-trading/services/evmtrader/querier.go:393.148,396.2 2 0
github.com/NibiruChain/nibiru/sai-trading/services/evmtrader/querier.go:400.85,407.16 3 0
github.com/NibiruChain/nibiru/sai-trading/services/evmtrader/querier.go:407.16,410.75 2 0
github.com/NibiruChain/nibiru/sai-trading/services/evmtrader/querier.go:410.75,415.68 2 0
github.com/NibiruChain/nibiru/sai-trading/services/evmtrader/querier.go:415.68,417.5 1 0
github.com/NibiruChain/nibiru/sai-trading/services/evmtrader/querier.go:420.3,420.33 1 0
github.com/NibiruChain/nibiru/sai-trading/services/evmtrader/querier.go:420.33,423.57 2 0
github.com/NibiruChain/nibiru/sai-trading/services/evmtrader/querier.go:423.57,426.97 2 0
github.com/NibiruChain/nibiru/sai-trading/services/evmtrader/querier.go:426.97,428.86 1 0
github.com/NibiruChain/nibiru/sai-trading/services/evmtrader/querier.go:428.86,429.15 1 0
github.com/NibiruChain/nibiru/sai-trading/services/evmtrader/querier.go:434.5,435.19 2 0
github.com/NibiruChain/nibiru/sai-trading/services/evmtrader/querier.go:435.19,436.14 1 0
github.com/NibiruChain/nibiru/sai-trading/services/evmtrader/querier.go:438.5,441.7 1 0
github.com/NibiruChain/nibiru/sai-trading/services/evmtrader/querier.go:443.4,443.27 1 0
github.com/NibiruChain/nibiru/sai-trading/services/evmtrader/querier.go:448.2,449.35 2 0
github.com/NibiruChain/nibiru/sai-trading/services/evmtrader/querier.go:449.35,451.32 2 0
github.com/NibiruChain/nibiru/sai-trading/services/evmtrader/querier.go:451.32,456.4 1 0
github.com/NibiruChain/nibiru/sai-trading/services/evmtrader/querier.go:459.2,459.25 1 0
github.com/NibiruChain/nibiru/sai-trading/services/evmtrader/querier.go:469.103,478.16 3 0
github.com/NibiruChain/nibiru/sai-trading/services/evmtrader/querier.go:478.16,480.3 1 0
github.com/NibiruChain/nibiru/sai-trading/services/evmtrader/querier.go:483.2,486.71 2 0
github.com/NibiruChain/nibiru/sai-trading/services/evmtrader/querier.go:486.71,488.3 1 0
github.com/NibiruChain/nibiru/sai-trading/services/evmtrader/querier.go:490.2,490.32 1 0
github.com/NibiruChain/nibiru/sai-trading/services/evmtrader/querier.go:490.32,492.3 1 0
github.com/NibiruChain/nibiru/sai-trading/services/evmtrader/querier.go:494.2,494.34 1 0
github.com/NibiruChain/nibiru/sai-trading/services/evmtrader/querier.go:499.91,508.16 3 0
github.com/NibiruChain/nibiru/sai-trading/services/evmtrader/querier.go:508.16,511.3 1 0
github.com/NibiruChain/nibiru/sai-trading/services/evmtrader/querier.go:514.2,519.70 2 0
github.com/NibiruChain/nibiru/sai-trading/services/evmtrader/querier.go:519.70,522.3 1 0
github.com/NibiruChain/nibiru/sai-trading/services/evmtrader/querier.go:524.2,524.18 1 0
github.com/NibiruChain/nibiru/sai-trading/services/evmtrader/trade_builder.go:13.84,15.52 1 0
github.com/NibiruChain/nibiru/sai-trading/services/evmtrader/trade_builder.go:15.52,17.3 1 0
github.com/NibiruChain/nibiru/sai-trading/services/evmtrader/trade_builder.go:19.2,30.29 2 0
github.com/NibiruChain/nibiru/sai-trading/services/evmtrader/trade_builder.go:30.29,32.3 1 0
github.com/NibiruChain/nibiru/sai-trading/services/evmtrader/trade_builder.go:34.2,34.68 1 0
github.com/NibiruChain/nibiru/sai-trading/services/evmtrader/trade_builder.go:34.68,36.3 1 0
github.com/NibiruChain/nibiru/sai-trading/services/evmtrader/trade_builder.go:37.2,41.22 2 0
github.com/NibiruChain/nibiru/sai-trading/services/evmtrader/trade_builder.go:41.22,43.3 1 0
github.com/NibiruChain/nibiru/sai-trading/services/evmtrader/trade_builder.go:44.2,44.22 1 0
github.com/NibiruChain/nibiru/sai-trading/services/evmtrader/trade_builder.go:44.22,46.3 1 0
github.com/NibiruChain/nibiru/sai-trading/services/evmtrader/trade_builder.go:48.2,52.35 2 0
github.com/NibiruChain/nibiru/sai-trading/services/evmtrader/trade_builder.go:56.83,58.16 2 0
github.com/NibiruChain/nibiru/sai-trading/services/evmtrader/trade_builder.go:58.16,60.3 1 0
github.com/NibiruChain/nibiru/sai-trading/services/evmtrader/trade_builder.go:63.2,64.16 2 0
github.com/NibiruChain/nibiru/sai-trading/services/evmtrader/trade_builder.go:64.16,66.3 1 0
github.com/NibiruChain/nibiru/sai-trading/services/evmtrader/trade_builder.go:68.2,69.55 2 0
github.com/NibiruChain/nibiru/sai-trading/services/evmtrader/trade_builder.go:69.55,71.3 1 0
github.com/NibiruChain/nibiru/sai-trading/services/evmtrader/trade_builder.go:73.2,74.9 2 0
github.com/NibiruChain/nibiru/sai-trading/services/evmtrader/trade_builder.go:74.9,76.3 1 0
github.com/NibiruChain/nibiru/sai-trading/services/evmtrader/trade_builder.go:79.2,80.16 2 0
github.com/NibiruChain/nibiru/sai-trading/services/evmtrader/trade_builder.go:80.16,82.3 1 0
github.com/NibiruChain/nibiru/sai-trading/services/evmtrader/trade_builder.go:85.2,85.68 1 0
github.com/NibiruChain/nibiru/sai-trading/services/evmtrader/trade_builder.go:85.68,87.17 2 0
github.com/NibiruChain/nibiru/sai-trading/services/evmtrader/trade_builder.go:87.17,89.4 1 0
github.com/NibiruChain/nibiru/sai-trading/services/evmtrader/trade_builder.go:90.3,91.28 2 0
github.com/NibiruChain/nibiru/sai-trading/services/evmtrader/trade_builder.go:95.2,95.42 1 0
github.com/NibiruChain/nibiru/sai-trading/services/evmtrader/trade_builder.go:105.101,116.16 3 0
github.com/NibiruChain/nibiru/sai-trading/services/evmtrader/trade_builder.go:116.16,118.3 1 0
github.com/NibiruChain/nibiru/sai-trading/services/evmtrader/trade_builder.go:119.2,123.16 3 0
github.com/NibiruChain/nibiru/sai-trading/services/evmtrader/trade_builder.go:123.16,125.3 1 0
github.com/NibiruChain/nibiru/sai-trading/services/evmtrader/trade_builder.go:126.2,129.80 2 0
github.com/NibiruChain/nibiru/sai-trading/services/evmtrader/trade_builder.go:129.80,131.3 1 0
github.com/NibiruChain/nibiru/sai-trading/services/evmtrader/trade_builder.go:131.8,131.28 1 0
github.com/NibiruChain/nibiru/sai-trading/services/evmtrader/trade_builder.go:131.28,133.3 1 0
github.com/NibiruChain/nibiru/sai-trading/services/evmtrader/trade_builder.go:137.2,137.81 1 0
github.com/NibiruChain/nibiru/sai-trading/services/evmtrader/trade_builder.go:137.81,139.3 1 0
github.com/NibiruChain/nibiru/sai-trading/services/evmtrader/trade_builder.go:139.8,139.23 1 0
github.com/NibiruChain/nibiru/sai-trading/services/evmtrader/trade_builder.go:139.23,141.3 1 0
github.com/NibiruChain/nibiru/sai-trading/services/evmtrader/trade_builder.go:141.8,143.3 1 0
github.com/NibiruChain/nibiru/sai-trading/services/evmtrader/trade_builder.go:147.2,147.41 1 0
github.com/NibiruChain/nibiru/sai-trading/services/evmtrader/trade_builder.go:147.41,149.3 1 0
github.com/NibiruChain/nibiru/sai-trading/services/evmtrader/trade_builder.go:152.2,152.73 1 0
github.com/NibiruChain/nibiru/sai-trading/services/evmtrader/trade_builder.go:152.73,154.3 1 0
github.com/NibiruChain/nibiru/sai-trading/services/evmtrader/trade_builder.go:157.2,157.71 1 0
github.com/NibiruChain/nibiru/sai-trading/services/evmtrader/trade_builder.go:157.71,159.3 1 0
github.com/NibiruChain/nibiru/sai-trading/services/evmtrader/trade_builder.go:164.2,164.55 1 0
github.com/NibiruChain/nibiru/sai-trading/services/evmtrader/trade_builder.go:164.55,166.3 1 0
github.com/NibiruChain/nibiru/sai-trading/services/evmtrader/trade_builder.go:169.2,169.41 1 0
github.com/NibiruChain/nibiru/sai-trading/services/evmtrader/trade_builder.go:169.41,170.65 1 0
github.com/NibiruChain/nibiru/sai-trading/services/evmtrader/trade_builder.go:170.65,172.4 1 0
github.com/NibiruChain/nibiru/sai-trading/services/evmtrader/trade_builder.go:175.2,175.20 1 0
github.com/NibiruChain/nibiru/sai-trading/services/evmtrader/trade_builder.go:180.75,182.26 2 0
github.com/NibiruChain/nibiru/sai-trading/services/evmtrader/trade_builder.go:182.26,184.3 1 0
github.com/NibiruChain/nibiru/sai-trading/services/evmtrader/trade_builder.go:186.2,188.24 2 0
github.com/NibiruChain/nibiru/sai-trading/services/evmtrader/trade_builder.go:189.14,190.14 1 0
github.com/NibiruChain/nibiru/sai-trading/services/evmtrader/trade_builder.go:190.14,192.4 1 0
github.com/NibiruChain/nibiru/sai-trading/services/evmtrader/trade_builder.go:193.3,195.10 3 0
github.com/NibiruChain/nibiru/sai-trading/services/evmtrader/trade_builder.go:195.10,197.4 1 0
github.com/NibiruChain/nibiru/sai-trading/services/evmtrader/trade_builder.go:198.15,199.29 1 0
github.com/NibiruChain/nibiru/sai-trading/services/evmtrader/trade_builder.go:200.13,201.22 1 0
github.com/NibiruChain/nibiru/sai-trading/services/evmtrader/trade_builder.go:202.11,203.29 1 0
github.com/NibiruChain/nibiru/sai-trading/services/evmtrader/trade_builder.go:204.10,205.108 1 0
github.com/NibiruChain/nibiru/sai-trading/services/evmtrader/trade_builder.go:208.2,208.33 1 0
github.com/NibiruChain/nibiru/sai-trading/services/evmtrader/trade_builder.go:208.33,210.3 1 0
github.com/NibiruChain/nibiru/sai-trading/services/evmtrader/trade_builder.go:212.2,212.17 1 0
github.com/NibiruChain/nibiru/sai-trading/services/evmtrader/trade_builder.go:222.57,224.26 1 0
github.com/NibiruChain/nibiru/sai-trading/services/evmtrader/trade_builder.go:224.26,226.3 1 0
github.com/NibiruChain/nibiru/sai-trading/services/evmtrader/trade_builder.go:229.2,229.29 1 0
github.com/NibiruChain/nibiru/sai-trading/services/evmtrader/trade_builder.go:229.29,231.3 1 0
github.com/NibiruChain/nibiru/sai-trading/services/evmtrader/trade_builder.go:234.2,234.68 1 0
github.com/NibiruChain/nibiru/sai-trading/services/evmtrader/trade_builder.go:234.68,236.3 1 0
github.com/NibiruChain/nibiru/sai-trading/services/evmtrader/trade_builder.go:239.2,239.28 1 0
github.com/NibiruChain/nibiru/sai-trading/services/evmtrader/trade_builder.go:239.28,241.3 1 0
github.com/NibiruChain/nibiru/sai-trading/services/evmtrader/trade_builder.go:244.2,244.81 1 0
github.com/NibiruChain/nibiru/sai-trading/services/evmtrader/trade_builder.go:244.81,246.3 1 0
github.com/NibiruChain/nibiru/sai-trading/services/evmtrader/trade_builder.go:248.2,248.12 1 0
github.com/NibiruChain/nibiru/sai-trading/services/evmtrader/trade_builder.go:253.108,255.24 2 0
github.com/NibiruChain/nibiru/sai-trading/services/evmtrader/trade_builder.go:255.24,257.3 1 0
github.com/NibiruChain/nibiru/sai-trading/services/evmtrader/trade_builder.go:259.2,260.16 2 0
github.com/NibiruChain/nibiru/sai-trading/services/evmtrader/trade_builder.go:260.16,262.3 1 0
github.com/NibiruChain/nibiru/sai-trading/services/evmtrader/trade_builder.go:264.2,264.25 1 0
github.com/NibiruChain/nibiru/sai-trading/services/evmtrader/trade_builder.go:269.109,271.24 2 0
github.com/NibiruChain/nibiru/sai-trading/services/evmtrader/trade_builder.go:271.24,273.3 1 0
github.com/NibiruChain/nibiru/sai-trading/services/evmtrader/trade_builder.go:275.2,276.16 2 0
github.com/NibiruChain/nibiru/sai-trading/services/evmtrader/trade_builder.go:276.16,278.3 1 0
github.com/NibiruChain/nibiru/sai-trading/services/evmtrader/trade_builder.go:280.2,281.21 2 0
github.com/NibiruChain/nibiru/sai-trading/services/evmtrader/trade_builder.go:288.96,290.27 2 0
github.com/NibiruChain/nibiru/sai-trading/services/evmtrader/trade_builder.go:290.27,292.43 1 0
github.com/NibiruChain/nibiru/sai-trading/services/evmtrader/trade_builder.go:292.43,294.4 1 0
github.com/NibiruChain/nibiru/sai-trading/services/evmtrader/trade_builder.go:297.3,297.13 1 0
github.com/NibiruChain/nibiru/sai-trading/services/evmtrader/trade_builder.go:300.2,301.16 2 0
github.com/NibiruChain/nibiru/sai-trading/services/evmtrader/trade_builder.go:301.16,303.3 1 0
github.com/NibiruChain/nibiru/sai-trading/services/evmtrader/trade_builder.go:306.2,306.56 1 0
github.com/NibiruChain/nibiru/sai-trading/services/evmtrader/trade_builder.go:306.56,308.3 1 0
github.com/NibiruChain/nibiru/sai-trading/services/evmtrader/trade_builder.go:311.2,311.16 1 0
github.com/NibiruChain/nibiru/sai-trading/services/evmtrader/trade_builder.go:311.16,313.3 1 0
github.com/NibiruChain/nibiru/sai-trading/services/evmtrader/trade_builder.go:315.2,316.12 2 0
github.com/NibiruChain/nibiru/sai-trading/services/evmtrader/trade_builder.go:320.105,322.73 1 0
github.com/NibiruChain/nibiru/sai-trading/services/evmtrader/trade_builder.go:322.73,324.17 2 0
github.com/NibiruChain/nibiru/sai-trading/services/evmtrader/trade_builder.go:324.17,326.4 1 0
github.com/NibiruChain/nibiru/sai-trading/services/evmtrader/trade_builder.go:327.3,327.18 1 0
github.com/NibiruChain/nibiru/sai-trading/services/evmtrader/trade_builder.go:331.2,331.73 1 0
github.com/NibiruChain/nibiru/sai-trading/services/evmtrader/trade_builder.go:331.73,333.17 2 0
github.com/NibiruChain/nibiru/sai-trading/services/evmtrader/trade_builder.go:333.17,335.4 1 0
github.com/NibiruChain/nibiru/sai-trading/services/evmtrader/trade_builder.go:336.3,336.18 1 0
github.com/NibiruChain/nibiru/sai-trading/services/evmtrader/trade_builder.go:339.2,339.12 1 0
github.com/NibiruChain/nibiru/sai-trading/services/evmtrader/trade_builder.go:343.67,345.16 2 0
github.com/NibiruChain/nibiru/sai-trading/services/evmtrader/trade_builder.go:345.16,347.3 1 0
github.com/NibiruChain/nibiru/sai-trading/services/evmtrader/trade_builder.go:349.2,349.17 1 0
github.com/NibiruChain/nibiru/sai-trading/services/evmtrader/trade_builder.go:349.17,351.3 1 0
github.com/NibiruChain/nibiru/sai-trading/services/evmtrader/trade_builder.go:353.2,353.20 1 0
github.com/NibiruChain/nibiru/sai-trading/services/evmtrader/trade_builder.go:357.67,359.16 2 0
github.com/NibiruChain/nibiru/sai-trading/services/evmtrader/trade_builder.go:359.16,361.3 1 0
github.com/NibiruChain/nibiru/sai-trading/services/evmtrader/trade_builder.go:363.2,363.17 1 0
github.com/NibiruChain/nibiru/sai-trading/services/evmtrader/trade_builder.go:363.17,365.3 1 0
github.com/NibiruChain/nibiru/sai-trading/services/evmtrader/trade_builder.go:367.2,367.20 1 0
github.com/NibiruChain/nibiru/sai-trading/services/evmtrader/trade_builder.go:372.98,374.25 2 0
github.com/NibiruChain/nibiru/sai-trading/services/evmtrader/trade_builder.go:374.25,376.3 1 0
github.com/NibiruChain/nibiru/sai-trading/services/evmtrader/trade_builder.go:378.2,379.16 2 0
github.com/NibiruChain/nibiru/sai-trading/services/evmtrader/trade_builder.go:379.16,381.3 1 0
github.com/NibiruChain/nibiru/sai-trading/services/evmtrader/trade_builder.go:383.2,383.18 1 0
github.com/NibiruChain/nibiru/sai-trading/services/evmtrader/trade_builder.go:387.79,397.2 3 0
github.com/NibiruChain/nibiru/sai-trading/services/evmtrader/trade_params.go:16.109,20.26 2 0
github.com/NibiruChain/nibiru/sai-trading/services/evmtrader/trade_params.go:20.26,22.17 2 0
github.com/NibiruChain/nibiru/sai-trading/services/evmtrader/trade_params.go:22.17,24.4 1 0
github.com/NibiruChain/nibiru/sai-trading/services/evmtrader/trade_params.go:25.3,25.31 1 0
github.com/NibiruChain/nibiru/sai-trading/services/evmtrader/trade_params.go:25.31,27.4 1 0
github.com/NibiruChain/nibiru/sai-trading/services/evmtrader/trade_params.go:28.3,29.135 2 0
github.com/NibiruChain/nibiru/sai-trading/services/evmtrader/trade_params.go:30.8,32.3 1 0
github.com/NibiruChain/nibiru/sai-trading/services/evmtrader/trade_params.go:36.2,48.28 7 0
github.com/NibiruChain/nibiru/sai-trading/services/evmtrader/trade_params.go:48.28,52.3 3 0
github.com/NibiruChain/nibiru/sai-trading/services/evmtrader/trade_params.go:52.8,55.17 2 0
github.com/NibiruChain/nibiru/sai-trading/services/evmtrader/trade_params.go:55.17,57.4 1 0
github.com/NibiruChain/nibiru/sai-trading/services/evmtrader/trade_params.go:58.3,58.17 1 0
github.com/NibiruChain/nibiru/sai-trading/services/evmtrader/trade_params.go:58.17,61.4 2 0
github.com/NibiruChain/nibiru/sai-trading/services/evmtrader/trade_params.go:62.3,64.62 3 0
github.com/NibiruChain/nibiru/sai-trading/services/evmtrader/trade_params.go:69.2,73.40 3 0
github.com/NibiruChain/nibiru/sai-trading/services/evmtrader/trade_params.go:73.40,75.3 1 0
github.com/NibiruChain/nibiru/sai-trading/services/evmtrader/trade_params.go:78.2,91.8 2 0
github.com/NibiruChain/nibiru/sai-trading/services/evmtrader/trade_params.go:96.78,99.25 2 0
github.com/NibiruChain/nibiru/sai-trading/services/evmtrader/trade_params.go:99.25,102.32 2 0
github.com/NibiruChain/nibiru/sai-trading/services/evmtrader/trade_params.go:102.32,105.4 2 0
github.com/NibiruChain/nibiru/sai-trading/services/evmtrader/trade_params.go:106.8,109.22 2 0
github.com/NibiruChain/nibiru/sai-trading/services/evmtrader/trade_params.go:109.22,112.4 2 0
github.com/NibiruChain/nibiru/sai-trading/services/evmtrader/trade_params.go:115.2,115.22 1 0
github.com/NibiruChain/nibiru/sai-trading/services/evmtrader/trade_params.go:120.48,121.24 1 0
github.com/NibiruChain/nibiru/sai-trading/services/evmtrader/trade_params.go:121.24,123.3 1 0
github.com/NibiruChain/nibiru/sai-trading/services/evmtrader/trade_params.go:125.2,125.10 1 0
github.com/NibiruChain/nibiru/sai-trading/services/evmtrader/trade_params.go:130.47,131.23 1 0
github.com/NibiruChain/nibiru/sai-trading/services/evmtrader/trade_params.go:131.23,133.3 1 0
github.com/NibiruChain/nibiru/sai-trading/services/evmtrader/trade_params.go:135.2,135.13 1 0
github.com/NibiruChain/nibiru/sai-trading/services/evmtrader/trade_params.go:140.49,141.27 1 0
github.com/NibiruChain/nibiru/sai-trading/services/evmtrader/trade_params.go:141.27,144.3 1 0
github.com/NibiruChain/nibiru/sai-trading/services/evmtrader/trade_params.go:147.2,147.44 1 0
github.com/NibiruChain/nibiru/sai-trading/services/evmtrader/trade_params.go:147.44,149.19 1 0
github.com/NibiruChain/nibiru/sai-trading/services/evmtrader/trade_params.go:149.19,151.4 1 0
github.com/NibiruChain/nibiru/sai-trading/services/evmtrader/trade_params.go:152.3,152.17 1 0
github.com/NibiruChain/nibiru/sai-trading/services/evmtrader/trade_params.go:155.2,155.16 1 0
github.com/NibiruChain/nibiru/sai-trading/services/evmtrader/trade_params.go:161.94,162.34 1 0
github.com/NibiruChain/nibiru/sai-trading/services/evmtrader/trade_params.go:162.34,165.3 1 0
github.com/NibiruChain/nibiru/sai-trading/services/evmtrader/trade_params.go:168.2,169.16 2 0
github.com/NibiruChain/nibiru/sai-trading/services/evmtrader/trade_params.go:169.16,171.3 1 0
github.com/NibiruChain/nibiru/sai-trading/services/evmtrader/trade_params.go:172.2,172.19 1 0
github.com/NibiruChain/nibiru/sai-trading/services/evmtrader/trade_params.go:177.86,179.2 1 0
github.com/NibiruChain/nibiru/sai-trading/services/evmtrader/trade_params.go:183.104,186.16 2 0
github.com/NibiruChain/nibiru/sai-trading/services/evmtrader/trade_params.go:186.16,188.3 1 0
github.com/NibiruChain/nibiru/sai-trading/services/evmtrader/trade_params.go:190.2,190.29 1 0
github.com/NibiruChain/nibiru/sai-trading/services/evmtrader/trade_params.go:190.29,192.3 1 0
github.com/NibiruChain/nibiru/sai-trading/services/evmtrader/trade_params.go:193.2,193.30 1 0
github.com/NibiruChain/nibiru/sai-trading/services/evmtrader/trade_params.go:193.30,195.3 1 0
github.com/NibiruChain/nibiru/sai-trading/services/evmtrader/trade_params.go:198.2,199.16 2 0
github.com/NibiruChain/nibiru/sai-trading/services/evmtrader/trade_params.go:199.16,202.3 1 0
github.com/NibiruChain/nibiru/sai-trading/services/evmtrader/trade_params.go:204.2,204.18 1 0
github.com/NibiruChain/nibiru/sai-trading/services/evmtrader/trade_params.go:209.110,211.2 1 0
github.com/NibiruChain/nibiru/sai-trading/services/evmtrader/trade_params.go:215.74,218.35 2 0
github.com/NibiruChain/nibiru/sai-trading/services/evmtrader/trade_params.go:218.35,220.3 1 0
github.com/NibiruChain/nibiru/sai-trading/services/evmtrader/trade_params.go:222.2,231.3 1 0
github.com/NibiruChain/nibiru/sai-trading/services/evmtrader/trade_params.go:236.82,238.28 1 0
github.com/NibiruChain/nibiru/sai-trading/services/evmtrader/trade_params.go:238.28,240.27 2 0
github.com/NibiruChain/nibiru/sai-trading/services/evmtrader/trade_params.go:240.27,243.4 1 0
github.com/NibiruChain/nibiru/sai-trading/services/evmtrader/trade_params.go:245.3,245.46 1 0
github.com/NibiruChain/nibiru/sai-trading/services/evmtrader/trade_params.go:245.46,247.31 2 0
github.com/NibiruChain/nibiru/sai-trading/services/evmtrader/trade_params.go:247.31,250.5 1 0
github.com/NibiruChain/nibiru/sai-trading/services/evmtrader/trade_params.go:252.4,252.17 1 0
github.com/NibiruChain/nibiru/sai-trading/services/evmtrader/trade_params.go:254.3,254.13 1 0
github.com/NibiruChain/nibiru/sai-trading/services/evmtrader/trade_params.go:258.2,258.28 1 0
github.com/NibiruChain/nibiru/sai-trading/services/evmtrader/trade_params.go:258.28,260.27 2 0
github.com/NibiruChain/nibiru/sai-trading/services/evmtrader/trade_params.go:260.27,263.4 1 0
github.com/NibiruChain/nibiru/sai-trading/services/evmtrader/trade_params.go:264.3,264.13 1 0
github.com/NibiruChain/nibiru/sai-trading/services/evmtrader/trade_params.go:268.2,268.12 1 0
github.com/NibiruChain/nibiru/sai-trading/services/evmtrader/trade_types.go:11.48,13.2 1 1
github.com/NibiruChain/nibiru/sai-trading/services/evmtrader/trade_types.go:16.46,20.2 1 1
github.com/NibiruChain/nibiru/sai-trading/services/evmtrader/trade_types.go:24.48,26.2 1 0
github.com/NibiruChain/nibiru/sai-trading/services/evmtrader/transaction.go:24.152,27.16 2 0
github.com/NibiruChain/nibiru/sai-trading/services/evmtrader/transaction.go:27.16,29.3 1 0
github.com/NibiruChain/nibiru/sai-trading/services/evmtrader/transaction.go:32.2,39.33 3 0
github.com/NibiruChain/nibiru/sai-trading/services/evmtrader/transaction.go:39.33,41.3 1 0
github.com/NibiruChain/nibiru/sai-trading/services/evmtrader/transaction.go:44.2,45.16 2 0
github.com/NibiruChain/nibiru/sai-trading/services/evmtrader/transaction.go:45.16,47.3 1 0
github.com/NibiruChain/nibiru/sai-trading/services/evmtrader/transaction.go:49.2,49.40 1 0
github.com/NibiruChain/nibiru/sai-trading/services/evmtrader/transaction.go:49.40,51.3 1 0
github.com/NibiruChain/nibiru/sai-trading/services/evmtrader/transaction.go:54.2,74.60 6 0
github.com/NibiruChain/nibiru/sai-trading/services/evmtrader/transaction.go:74.60,76.3 1 0
github.com/NibiruChain/nibiru/sai-trading/services/evmtrader/transaction.go:80.2,82.16 3 0
github.com/NibiruChain/nibiru/sai-trading/services/evmtrader/transaction.go:82.16,84.3 1 0
github.com/NibiruChain/nibiru/sai-trading/services/evmtrader/transaction.go:87.2,88.16 2 0
github.com/NibiruChain/nibiru/sai-trading/services/evmtrader/transaction.go:88.16,90.3 1 0
github.com/NibiruChain/nibiru/sai-trading/services/evmtrader/transaction.go:93.2,97.16 2 0
github.com/NibiruChain/nibiru/sai-trading/services/evmtrader/transaction.go:97.16,99.3 1 0
github.com/NibiruChain/nibiru/sai-trading/services/evmtrader/transaction.go:101.2,101.34 1 0
github.com/NibiruChain/nibiru/sai-trading/services/evmtrader/transaction.go:101.34,103.3 1 0
github.com/NibiruChain/nibiru/sai-trading/services/evmtrader/transaction.go:106.2,113.52 7 0
github.com/NibiruChain/nibiru/sai-trading/services/evmtrader/transaction.go:113.52,114.10 1 0
github.com/NibiruChain/nibiru/sai-trading/services/evmtrader/transaction.go:115.21,116.25 1 0
github.com/NibiruChain/nibiru/sai-trading/services/evmtrader/transaction.go:117.17,119.45 2 0
github.com/NibiruChain/nibiru/sai-trading/services/evmtrader/transaction.go:119.45,121.5 1 0
github.com/NibiruChain/nibiru/sai-trading/services/evmtrader/transaction.go:122.20,123.74 1 0
github.com/NibiruChain/nibiru/sai-trading/services/evmtrader/transaction.go:127.2,127.87 1 0
github.com/NibiruChain/nibiru/sai-trading/services/evmtrader/transaction.go:131.175,138.16 4 0
github.com/NibiruChain/nibiru/sai-trading/services/evmtrader/transaction.go:138.16,141.3 1 0
github.com/NibiruChain/nibiru/sai-trading/services/evmtrader/transaction.go:143.2,151.16 3 0
github.com/NibiruChain/nibiru/sai-trading/services/evmtrader/transaction.go:151.16,153.3 1 0
github.com/NibiruChain/nibiru/sai-trading/services/evmtrader/transaction.go:156.2,156.84 1 0
github.com/NibiruChain/nibiru/sai-trading/services/evmtrader/transaction.go:160.128,172.16 5 0
github.com/NibiruChain/nibiru/sai-trading/services/evmtrader/transaction.go:172.16,174.3 1 0
github.com/NibiruChain/nibiru/sai-trading/services/evmtrader/transaction.go:177.2,177.84 1 0
github.com/NibiruChain/nibiru/sai-trading/services/evmtrader/transaction.go:181.59,183.56 1 0
github.com/NibiruChain/nibiru/sai-trading/services/evmtrader/transaction.go:183.56,187.24 3 0
github.com/NibiruChain/nibiru/sai-trading/services/evmtrader/transaction.go:187.24,206.4 4 0
github.com/NibiruChain/nibiru/sai-trading/services/evmtrader/transaction.go:207.3,207.181 1 0
github.com/NibiruChain/nibiru/sai-trading/services/evmtrader/transaction.go:211.2,211.104 1 0
github.com/NibiruChain/nibiru/sai-trading/services/evmtrader/transaction.go:211.104,213.3 1 0
github.com/NibiruChain/nibiru/sai-trading/services/evmtrader/transaction.go:216.2,216.96 1 0
github.com/NibiruChain/nibiru/sai-trading/services/evmtrader/transaction.go:216.96,218.3 1 0
github.com/NibiruChain/nibiru/sai-trading/services/evmtrader/transaction.go:221.2,221.131 1 0
github.com/NibiruChain/nibiru/sai-trading/services/evmtrader/transaction.go:221.131,223.3 1 0
github.com/NibiruChain/nibiru/sai-trading/services/evmtrader/transaction.go:226.2,226.137 1 0
